running convertor for  /Users/victorbalan/Work/workspace/actions/elements/app-element.html  with write file: true use lebab:  false use lebab unsafe:  false
running convertor for  /Users/victorbalan/Work/workspace/actions/elements/audit/audit-data-provider.html  with write file: true use lebab:  false use lebab unsafe:  false
running convertor for  /Users/victorbalan/Work/workspace/actions/elements/audit/audit-view-row.html  with write file: true use lebab:  false use lebab unsafe:  false
running convertor for  /Users/victorbalan/Work/workspace/actions/elements/audit/audit-view.html  with write file: true use lebab:  false use lebab unsafe:  false
running convertor for  /Users/victorbalan/Work/workspace/actions/elements/audit/sortable-column-header.html  with write file: true use lebab:  false use lebab unsafe:  false
running convertor for  /Users/victorbalan/Work/workspace/actions/elements/branch/my-branches-dropdown.html  with write file: true use lebab:  false use lebab unsafe:  false
running convertor for  /Users/victorbalan/Work/workspace/actions/elements/branch/my-modified-processes.html  with write file: true use lebab:  false use lebab unsafe:  false
running convertor for  /Users/victorbalan/Work/workspace/actions/elements/conflict/process-structure-conflict.html  with write file: true use lebab:  false use lebab unsafe:  false
running convertor for  /Users/victorbalan/Work/workspace/actions/elements/conflict/simple-conflict-modal.html  with write file: true use lebab:  false use lebab unsafe:  false
running convertor for  /Users/victorbalan/Work/workspace/actions/elements/conflict/structure-conflict-node.html  with write file: true use lebab:  false use lebab unsafe:  false
running convertor for  /Users/victorbalan/Work/workspace/actions/elements/connection/connection-data-provider.html  with write file: true use lebab:  false use lebab unsafe:  false
running convertor for  /Users/victorbalan/Work/workspace/actions/elements/connection/connection-view.html  with write file: true use lebab:  false use lebab unsafe:  false
running convertor for  /Users/victorbalan/Work/workspace/actions/elements/connection/create-connection-modal.html  with write file: true use lebab:  false use lebab unsafe:  false
running convertor for  /Users/victorbalan/Work/workspace/actions/elements/editor/ace-editor.html  with write file: true use lebab:  false use lebab unsafe:  false
running convertor for  /Users/victorbalan/Work/workspace/actions/elements/editor/code-editor-modal.html  with write file: true use lebab:  false use lebab unsafe:  false
running convertor for  /Users/victorbalan/Work/workspace/actions/elements/editor/wysiwyg-editor.html  with write file: true use lebab:  false use lebab unsafe:  false
running convertor for  /Users/victorbalan/Work/workspace/actions/elements/function/function-data-provider.html  with write file: true use lebab:  false use lebab unsafe:  false
running convertor for  /Users/victorbalan/Work/workspace/actions/elements/function/function-parameters-data-provider.html  with write file: true use lebab:  false use lebab unsafe:  false
running convertor for  /Users/victorbalan/Work/workspace/actions/elements/function/function-tree-data-provider.html  with write file: true use lebab:  false use lebab unsafe:  false
running convertor for  /Users/victorbalan/Work/workspace/actions/elements/function/function-view.html  with write file: true use lebab:  false use lebab unsafe:  false
running convertor for  /Users/victorbalan/Work/workspace/actions/elements/function/variable-types-dropdown.html  with write file: true use lebab:  false use lebab unsafe:  false
running convertor for  /Users/victorbalan/Work/workspace/actions/elements/general/aera-ajax.html  with write file: true use lebab:  false use lebab unsafe:  false
running convertor for  /Users/victorbalan/Work/workspace/actions/elements/general/compile-status-modal.html  with write file: true use lebab:  false use lebab unsafe:  false
running convertor for  /Users/victorbalan/Work/workspace/actions/elements/general/confirm-action-modal.html  with write file: true use lebab:  false use lebab unsafe:  false
running convertor for  /Users/victorbalan/Work/workspace/actions/elements/general/create-new-variable-modal.html  with write file: true use lebab:  false use lebab unsafe:  false
running convertor for  /Users/victorbalan/Work/workspace/actions/elements/general/create-tree-entry-modal.html  with write file: true use lebab:  false use lebab unsafe:  false
running convertor for  /Users/victorbalan/Work/workspace/actions/elements/general/custom-right-modal.html  with write file: true use lebab:  false use lebab unsafe:  false
running convertor for  /Users/victorbalan/Work/workspace/actions/elements/general/custom-variables-menu.html  with write file: true use lebab:  false use lebab unsafe:  false
running convertor for  /Users/victorbalan/Work/workspace/actions/elements/general/date-time-picker.html  with write file: true use lebab:  false use lebab unsafe:  false
running convertor for  /Users/victorbalan/Work/workspace/actions/elements/general/dropdown/aera-input.html  with write file: true use lebab:  false use lebab unsafe:  false
running convertor for  /Users/victorbalan/Work/workspace/actions/elements/general/dropdown/basic-dropdown.html  with write file: true use lebab:  false use lebab unsafe:  false
running convertor for  /Users/victorbalan/Work/workspace/actions/elements/general/dropdown/dropdown-icon.html  with write file: true use lebab:  false use lebab unsafe:  false
running convertor for  /Users/victorbalan/Work/workspace/actions/elements/general/dropdown/icon-dropdown.html  with write file: true use lebab:  false use lebab unsafe:  false
running convertor for  /Users/victorbalan/Work/workspace/actions/elements/general/fops-checkbox.html  with write file: true use lebab:  false use lebab unsafe:  false
running convertor for  /Users/victorbalan/Work/workspace/actions/elements/general/fops-date-time-picker.html  with write file: true use lebab:  false use lebab unsafe:  false
running convertor for  /Users/victorbalan/Work/workspace/actions/elements/general/iron-icon-with-tooltip.html  with write file: true use lebab:  false use lebab unsafe:  false
running convertor for  /Users/victorbalan/Work/workspace/actions/elements/general/ok-cancel-full-screen-modal.html  with write file: true use lebab:  false use lebab unsafe:  false
running convertor for  /Users/victorbalan/Work/workspace/actions/elements/general/properties/color-picker-property-editor.html  with write file: true use lebab:  false use lebab unsafe:  false
running convertor for  /Users/victorbalan/Work/workspace/actions/elements/general/properties/db-column-property-editor.html  with write file: true use lebab:  false use lebab unsafe:  false
running convertor for  /Users/victorbalan/Work/workspace/actions/elements/general/properties/editable-properties-table.html  with write file: true use lebab:  false use lebab unsafe:  false
running convertor for  /Users/victorbalan/Work/workspace/actions/elements/general/properties/editable-variable-value-property-editor.html  with write file: true use lebab:  false use lebab unsafe:  false
running convertor for  /Users/victorbalan/Work/workspace/actions/elements/general/properties/expression-property-editor.html  with write file: true use lebab:  false use lebab unsafe:  false
running convertor for  /Users/victorbalan/Work/workspace/actions/elements/general/properties/group-property-editor.html  with write file: true use lebab:  false use lebab unsafe:  false
running convertor for  /Users/victorbalan/Work/workspace/actions/elements/general/properties/input-property-editor.html  with write file: true use lebab:  false use lebab unsafe:  false
running convertor for  /Users/victorbalan/Work/workspace/actions/elements/general/properties/not-implemented-property-editor.html  with write file: true use lebab:  false use lebab unsafe:  false
running convertor for  /Users/victorbalan/Work/workspace/actions/elements/general/properties/primitive-values-property-editor.html  with write file: true use lebab:  false use lebab unsafe:  false
running convertor for  /Users/victorbalan/Work/workspace/actions/elements/general/properties/properties-bootstrap-provider.html  with write file: true use lebab:  false use lebab unsafe:  false
running convertor for  /Users/victorbalan/Work/workspace/actions/elements/general/properties/property-editor-wrapper.html  with write file: true use lebab:  false use lebab unsafe:  false
running convertor for  /Users/victorbalan/Work/workspace/actions/elements/general/simple-entity-dropdown.html  with write file: true use lebab:  false use lebab unsafe:  false
running convertor for  /Users/victorbalan/Work/workspace/actions/elements/general/simple-value-dropdown.html  with write file: true use lebab:  false use lebab unsafe:  false
running convertor for  /Users/victorbalan/Work/workspace/actions/elements/general/table/best-table.html  with write file: true use lebab:  false use lebab unsafe:  false
running convertor for  /Users/victorbalan/Work/workspace/actions/elements/general/table/fops-table-column.html  with write file: true use lebab:  false use lebab unsafe:  false
running convertor for  /Users/victorbalan/Work/workspace/actions/elements/general/table/fops-table-input-column.html  with write file: true use lebab:  false use lebab unsafe:  false
running convertor for  /Users/victorbalan/Work/workspace/actions/elements/general/table/fops-table-read-column.html  with write file: true use lebab:  false use lebab unsafe:  false
running convertor for  /Users/victorbalan/Work/workspace/actions/elements/general/tabs-context-menu.html  with write file: true use lebab:  false use lebab unsafe:  false
running convertor for  /Users/victorbalan/Work/workspace/actions/elements/general/unique-id-provider.html  with write file: true use lebab:  false use lebab unsafe:  false
running convertor for  /Users/victorbalan/Work/workspace/actions/elements/interface/create-interface-modal.html  with write file: true use lebab:  false use lebab unsafe:  false
running convertor for  /Users/victorbalan/Work/workspace/actions/elements/interface/interface-connection-data-provider.html  with write file: true use lebab:  false use lebab unsafe:  false
running convertor for  /Users/victorbalan/Work/workspace/actions/elements/interface/interface-data-provider.html  with write file: true use lebab:  false use lebab unsafe:  false
running convertor for  /Users/victorbalan/Work/workspace/actions/elements/interface/interface-properties-page.html  with write file: true use lebab:  false use lebab unsafe:  false
running convertor for  /Users/victorbalan/Work/workspace/actions/elements/interface/interface-properties-view.html  with write file: true use lebab:  false use lebab unsafe:  false
running convertor for  /Users/victorbalan/Work/workspace/actions/elements/interface/interface-sql-editor.html  with write file: true use lebab:  false use lebab unsafe:  false
running convertor for  /Users/victorbalan/Work/workspace/actions/elements/interface/interface-sql-execution-result.html  with write file: true use lebab:  false use lebab unsafe:  false
running convertor for  /Users/victorbalan/Work/workspace/actions/elements/interface/interface-type-data-provider.html  with write file: true use lebab:  false use lebab unsafe:  false
running convertor for  /Users/victorbalan/Work/workspace/actions/elements/interface/interface-usage-modal.html  with write file: true use lebab:  false use lebab unsafe:  false
running convertor for  /Users/victorbalan/Work/workspace/actions/elements/interface/interface-view.html  with write file: true use lebab:  false use lebab unsafe:  false
running convertor for  /Users/victorbalan/Work/workspace/actions/elements/interface/parameters/get-parameter-page.html  with write file: true use lebab:  false use lebab unsafe:  false
running convertor for  /Users/victorbalan/Work/workspace/actions/elements/interface/parameters/interface-parameter.html  with write file: true use lebab:  false use lebab unsafe:  false
running convertor for  /Users/victorbalan/Work/workspace/actions/elements/interface/parameters/interface-parameters-tab.html  with write file: true use lebab:  false use lebab unsafe:  false
running convertor for  /Users/victorbalan/Work/workspace/actions/elements/interface/parameters/interface-params-table.html  with write file: true use lebab:  false use lebab unsafe:  false
running convertor for  /Users/victorbalan/Work/workspace/actions/elements/interface/properties/interface-properties-provider.html  with write file: true use lebab:  false use lebab unsafe:  false
running convertor for  /Users/victorbalan/Work/workspace/actions/elements/metadata/metadata-picker.html  with write file: true use lebab:  false use lebab unsafe:  false
running convertor for  /Users/victorbalan/Work/workspace/actions/elements/metadata/metadata-provider.html  with write file: true use lebab:  false use lebab unsafe:  false
running convertor for  /Users/victorbalan/Work/workspace/actions/elements/metadata/metadata-usage-modal.html  with write file: true use lebab:  false use lebab unsafe:  false
running convertor for  /Users/victorbalan/Work/workspace/actions/elements/metadata/metadata-view.html  with write file: true use lebab:  false use lebab unsafe:  false
running convertor for  /Users/victorbalan/Work/workspace/actions/elements/process/compile-all-processes-modal.html  with write file: true use lebab:  false use lebab unsafe:  false
running convertor for  /Users/victorbalan/Work/workspace/actions/elements/process/copy-process-button.html  with write file: true use lebab:  false use lebab unsafe:  false
running convertor for  /Users/victorbalan/Work/workspace/actions/elements/process/copy-process-modal.html  with write file: true use lebab:  false use lebab unsafe:  false
running convertor for  /Users/victorbalan/Work/workspace/actions/elements/process/deploy/deploy-comparison-selection.html  with write file: true use lebab:  false use lebab unsafe:  false
running convertor for  /Users/victorbalan/Work/workspace/actions/elements/process/deploy/deploy-entity-comparison-table.html  with write file: true use lebab:  false use lebab unsafe:  false
running convertor for  /Users/victorbalan/Work/workspace/actions/elements/process/deploy/deploy-host-port-selection.html  with write file: true use lebab:  false use lebab unsafe:  false
running convertor for  /Users/victorbalan/Work/workspace/actions/elements/process/deploy/deploy-multiple-processes-modal.html  with write file: true use lebab:  false use lebab unsafe:  false
running convertor for  /Users/victorbalan/Work/workspace/actions/elements/process/deploy/deploy-process-selection.html  with write file: true use lebab:  false use lebab unsafe:  false
running convertor for  /Users/victorbalan/Work/workspace/actions/elements/process/deploy/deploy-project-selection.html  with write file: true use lebab:  false use lebab unsafe:  false
running convertor for  /Users/victorbalan/Work/workspace/actions/elements/process/git-check-in-modal.html  with write file: true use lebab:  false use lebab unsafe:  false
running convertor for  /Users/victorbalan/Work/workspace/actions/elements/process/logs/process-logs-view.html  with write file: true use lebab:  false use lebab unsafe:  false
running convertor for  /Users/victorbalan/Work/workspace/actions/elements/process/logs/process-runtime-logs.html  with write file: true use lebab:  false use lebab unsafe:  false
running convertor for  /Users/victorbalan/Work/workspace/actions/elements/process/logs/runtime-log-entry.html  with write file: true use lebab:  false use lebab unsafe:  false
running convertor for  /Users/victorbalan/Work/workspace/actions/elements/process/nodes/base-node-modal.html  with write file: true use lebab:  false use lebab unsafe:  false
running convertor for  /Users/victorbalan/Work/workspace/actions/elements/process/nodes/custom-base-node-right-modal.html  with write file: true use lebab:  false use lebab unsafe:  false
running convertor for  /Users/victorbalan/Work/workspace/actions/elements/process/nodes/data-node-preview.html  with write file: true use lebab:  false use lebab unsafe:  false
running convertor for  /Users/victorbalan/Work/workspace/actions/elements/process/nodes/data-science/data-science-node-modal.html  with write file: true use lebab:  false use lebab unsafe:  false
running convertor for  /Users/victorbalan/Work/workspace/actions/elements/process/nodes/dynamic-process-variables.html  with write file: true use lebab:  false use lebab unsafe:  false
running convertor for  /Users/victorbalan/Work/workspace/actions/elements/process/nodes/dynamic-sub-process-node-modal.html  with write file: true use lebab:  false use lebab unsafe:  false
running convertor for  /Users/victorbalan/Work/workspace/actions/elements/process/nodes/dynamic-sub-process-node-preview.html  with write file: true use lebab:  false use lebab unsafe:  false
running convertor for  /Users/victorbalan/Work/workspace/actions/elements/process/nodes/element-node-preview.html  with write file: true use lebab:  false use lebab unsafe:  false
running convertor for  /Users/victorbalan/Work/workspace/actions/elements/process/nodes/event-node-modal.html  with write file: true use lebab:  false use lebab unsafe:  false
running convertor for  /Users/victorbalan/Work/workspace/actions/elements/process/nodes/expression/assign-values-modal.html  with write file: true use lebab:  false use lebab unsafe:  false
running convertor for  /Users/victorbalan/Work/workspace/actions/elements/process/nodes/expression/call-function-modal.html  with write file: true use lebab:  false use lebab unsafe:  false
running convertor for  /Users/victorbalan/Work/workspace/actions/elements/process/nodes/expression/constant-value-element.html  with write file: true use lebab:  false use lebab unsafe:  false
running convertor for  /Users/victorbalan/Work/workspace/actions/elements/process/nodes/expression/custom-script-helper.html  with write file: true use lebab:  false use lebab unsafe:  false
running convertor for  /Users/victorbalan/Work/workspace/actions/elements/process/nodes/expression/custom-script-modal.html  with write file: true use lebab:  false use lebab unsafe:  false
running convertor for  /Users/victorbalan/Work/workspace/actions/elements/process/nodes/expression/expression-viewer.html  with write file: true use lebab:  false use lebab unsafe:  false
running convertor for  /Users/victorbalan/Work/workspace/actions/elements/process/nodes/expression/operator-dropdown.html  with write file: true use lebab:  false use lebab unsafe:  false
running convertor for  /Users/victorbalan/Work/workspace/actions/elements/process/nodes/expression/rule-call-functions-modal.html  with write file: true use lebab:  false use lebab unsafe:  false
running convertor for  /Users/victorbalan/Work/workspace/actions/elements/process/nodes/expression/rule-compare-values-modal.html  with write file: true use lebab:  false use lebab unsafe:  false
running convertor for  /Users/victorbalan/Work/workspace/actions/elements/process/nodes/expression/rule-condition-modal.html  with write file: true use lebab:  false use lebab unsafe:  false
running convertor for  /Users/victorbalan/Work/workspace/actions/elements/process/nodes/expression-viewer-node-modal.html  with write file: true use lebab:  false use lebab unsafe:  false
running convertor for  /Users/victorbalan/Work/workspace/actions/elements/process/nodes/expression-with-operator-node-preview.html  with write file: true use lebab:  false use lebab unsafe:  false
running convertor for  /Users/victorbalan/Work/workspace/actions/elements/process/nodes/interaction/interaction-node-wizard.html  with write file: true use lebab:  false use lebab unsafe:  false
running convertor for  /Users/victorbalan/Work/workspace/actions/elements/process/nodes/interaction/interaction-template-card.html  with write file: true use lebab:  false use lebab unsafe:  false
running convertor for  /Users/victorbalan/Work/workspace/actions/elements/process/nodes/interaction-node-modal.html  with write file: true use lebab:  false use lebab unsafe:  false
running convertor for  /Users/victorbalan/Work/workspace/actions/elements/process/nodes/interaction-node-preview.html  with write file: true use lebab:  false use lebab unsafe:  false
running convertor for  /Users/victorbalan/Work/workspace/actions/elements/process/nodes/interface/action-on-error-dropdown.html  with write file: true use lebab:  false use lebab unsafe:  false
running convertor for  /Users/victorbalan/Work/workspace/actions/elements/process/nodes/interface/interface-step-parameters-tab.html  with write file: true use lebab:  false use lebab unsafe:  false
running convertor for  /Users/victorbalan/Work/workspace/actions/elements/process/nodes/interface/interface-step-params-table.html  with write file: true use lebab:  false use lebab unsafe:  false
running convertor for  /Users/victorbalan/Work/workspace/actions/elements/process/nodes/interface/interface-step-row.html  with write file: true use lebab:  false use lebab unsafe:  false
running convertor for  /Users/victorbalan/Work/workspace/actions/elements/process/nodes/interface/interface-step-view.html  with write file: true use lebab:  false use lebab unsafe:  false
running convertor for  /Users/victorbalan/Work/workspace/actions/elements/process/nodes/interface/interface-steps-viewer.html  with write file: true use lebab:  false use lebab unsafe:  false
running convertor for  /Users/victorbalan/Work/workspace/actions/elements/process/nodes/interface/select-interface-modal.html  with write file: true use lebab:  false use lebab unsafe:  false
running convertor for  /Users/victorbalan/Work/workspace/actions/elements/process/nodes/interface/slim-interface-steps-viewer.html  with write file: true use lebab:  false use lebab unsafe:  false
running convertor for  /Users/victorbalan/Work/workspace/actions/elements/process/nodes/page-body-node-modal.html  with write file: true use lebab:  false use lebab unsafe:  false
running convertor for  /Users/victorbalan/Work/workspace/actions/elements/process/nodes/page-body-node-preview.html  with write file: true use lebab:  false use lebab unsafe:  false
running convertor for  /Users/victorbalan/Work/workspace/actions/elements/process/nodes/properties/icomponent-properties-modal.html  with write file: true use lebab:  false use lebab unsafe:  false
running convertor for  /Users/victorbalan/Work/workspace/actions/elements/process/nodes/properties/node-properties-provider.html  with write file: true use lebab:  false use lebab unsafe:  false
running convertor for  /Users/victorbalan/Work/workspace/actions/elements/process/nodes/properties/nodes-properties-table.html  with write file: true use lebab:  false use lebab unsafe:  false
running convertor for  /Users/victorbalan/Work/workspace/actions/elements/process/nodes/properties/ui-component-properties-view.html  with write file: true use lebab:  false use lebab unsafe:  false
running convertor for  /Users/victorbalan/Work/workspace/actions/elements/process/nodes/report-data/report-data-column-selection-modal.html  with write file: true use lebab:  false use lebab unsafe:  false
running convertor for  /Users/victorbalan/Work/workspace/actions/elements/process/nodes/report-data/report-data-create-variable-modal.html  with write file: true use lebab:  false use lebab unsafe:  false
running convertor for  /Users/victorbalan/Work/workspace/actions/elements/process/nodes/report-data/report-data-filter-creation-row.html  with write file: true use lebab:  false use lebab unsafe:  false
running convertor for  /Users/victorbalan/Work/workspace/actions/elements/process/nodes/report-data/report-data-filter-creation.html  with write file: true use lebab:  false use lebab unsafe:  false
running convertor for  /Users/victorbalan/Work/workspace/actions/elements/process/nodes/report-data/report-data-node-entity-selection.html  with write file: true use lebab:  false use lebab unsafe:  false
running convertor for  /Users/victorbalan/Work/workspace/actions/elements/process/nodes/report-data/report-data-node-modal.html  with write file: true use lebab:  false use lebab unsafe:  false
running convertor for  /Users/victorbalan/Work/workspace/actions/elements/process/nodes/report-data/report-data-node-preview.html  with write file: true use lebab:  false use lebab unsafe:  false
running convertor for  /Users/victorbalan/Work/workspace/actions/elements/process/nodes/report-data/report-data-selection-filter-column.html  with write file: true use lebab:  false use lebab unsafe:  false
running convertor for  /Users/victorbalan/Work/workspace/actions/elements/process/nodes/report-data/report-data-sheet-selection-modal.html  with write file: true use lebab:  false use lebab unsafe:  false
running convertor for  /Users/victorbalan/Work/workspace/actions/elements/process/nodes/rule/rule-node-modal.html  with write file: true use lebab:  false use lebab unsafe:  false
running convertor for  /Users/victorbalan/Work/workspace/actions/elements/process/nodes/rule/rule-node-preview.html  with write file: true use lebab:  false use lebab unsafe:  false
running convertor for  /Users/victorbalan/Work/workspace/actions/elements/process/nodes/rule/rule-params-table.html  with write file: true use lebab:  false use lebab unsafe:  false
running convertor for  /Users/victorbalan/Work/workspace/actions/elements/process/nodes/sub-process-node-modal.html  with write file: true use lebab:  false use lebab unsafe:  false
running convertor for  /Users/victorbalan/Work/workspace/actions/elements/process/nodes/sub-process-node-preview.html  with write file: true use lebab:  false use lebab unsafe:  false
running convertor for  /Users/victorbalan/Work/workspace/actions/elements/process/nodes/task-node-modal.html  with write file: true use lebab:  false use lebab unsafe:  false
running convertor for  /Users/victorbalan/Work/workspace/actions/elements/process/nodes/ui-block/component/properties/alignment-positioning-properties/alignment-positioning-property-row.html  with write file: true use lebab:  false use lebab unsafe:  false
running convertor for  /Users/victorbalan/Work/workspace/actions/elements/process/nodes/ui-block/component/properties/alignment-positioning-properties/alignment-property-row.html  with write file: true use lebab:  false use lebab unsafe:  false
running convertor for  /Users/victorbalan/Work/workspace/actions/elements/process/nodes/ui-block/component/properties/alignment-positioning-properties/positioning-property-group.html  with write file: true use lebab:  false use lebab unsafe:  false
running convertor for  /Users/victorbalan/Work/workspace/actions/elements/process/nodes/ui-block/component/properties/alignment-positioning-properties/positioning-property-row.html  with write file: true use lebab:  false use lebab unsafe:  false
running convertor for  /Users/victorbalan/Work/workspace/actions/elements/process/nodes/ui-block/component/properties/alignment-positioning-properties/selectable-icon.html  with write file: true use lebab:  false use lebab unsafe:  false
running convertor for  /Users/victorbalan/Work/workspace/actions/elements/process/nodes/ui-block/component/properties/box-model-property-row.html  with write file: true use lebab:  false use lebab unsafe:  false
running convertor for  /Users/victorbalan/Work/workspace/actions/elements/process/nodes/ui-block/component/properties/box-model-property.html  with write file: true use lebab:  false use lebab unsafe:  false
running convertor for  /Users/victorbalan/Work/workspace/actions/elements/process/nodes/ui-block/component/properties/button-fields-to-validate/button-fields-to-validate-property-editor.html  with write file: true use lebab:  false use lebab unsafe:  false
running convertor for  /Users/victorbalan/Work/workspace/actions/elements/process/nodes/ui-block/component/properties/checkbox-property-row.html  with write file: true use lebab:  false use lebab unsafe:  false
running convertor for  /Users/victorbalan/Work/workspace/actions/elements/process/nodes/ui-block/component/properties/click-response-type-property-group.html  with write file: true use lebab:  false use lebab unsafe:  false
running convertor for  /Users/victorbalan/Work/workspace/actions/elements/process/nodes/ui-block/component/properties/color-property-row-item.html  with write file: true use lebab:  false use lebab unsafe:  false
running convertor for  /Users/victorbalan/Work/workspace/actions/elements/process/nodes/ui-block/component/properties/color-property-row.html  with write file: true use lebab:  false use lebab unsafe:  false
running convertor for  /Users/victorbalan/Work/workspace/actions/elements/process/nodes/ui-block/component/properties/custom-property-row.html  with write file: true use lebab:  false use lebab unsafe:  false
running convertor for  /Users/victorbalan/Work/workspace/actions/elements/process/nodes/ui-block/component/properties/custom-script-property-row.html  with write file: true use lebab:  false use lebab unsafe:  false
running convertor for  /Users/victorbalan/Work/workspace/actions/elements/process/nodes/ui-block/component/properties/dashboard-selection-modal.html  with write file: true use lebab:  false use lebab unsafe:  false
running convertor for  /Users/victorbalan/Work/workspace/actions/elements/process/nodes/ui-block/component/properties/dropdown-property-row.html  with write file: true use lebab:  false use lebab unsafe:  false
running convertor for  /Users/victorbalan/Work/workspace/actions/elements/process/nodes/ui-block/component/properties/fops-button-properties.html  with write file: true use lebab:  false use lebab unsafe:  false
running convertor for  /Users/victorbalan/Work/workspace/actions/elements/process/nodes/ui-block/component/properties/fops-checkbox-properties.html  with write file: true use lebab:  false use lebab unsafe:  false
running convertor for  /Users/victorbalan/Work/workspace/actions/elements/process/nodes/ui-block/component/properties/fops-dashboard-properties.html  with write file: true use lebab:  false use lebab unsafe:  false
running convertor for  /Users/victorbalan/Work/workspace/actions/elements/process/nodes/ui-block/component/properties/fops-dashboard-select-property-row.html  with write file: true use lebab:  false use lebab unsafe:  false
running convertor for  /Users/victorbalan/Work/workspace/actions/elements/process/nodes/ui-block/component/properties/fops-date-input-properties.html  with write file: true use lebab:  false use lebab unsafe:  false
running convertor for  /Users/victorbalan/Work/workspace/actions/elements/process/nodes/ui-block/component/properties/fops-dropdown-menu-properties.html  with write file: true use lebab:  false use lebab unsafe:  false
running convertor for  /Users/victorbalan/Work/workspace/actions/elements/process/nodes/ui-block/component/properties/fops-email-input-properties.html  with write file: true use lebab:  false use lebab unsafe:  false
running convertor for  /Users/victorbalan/Work/workspace/actions/elements/process/nodes/ui-block/component/properties/fops-fusion-charts-properties.html  with write file: true use lebab:  false use lebab unsafe:  false
running convertor for  /Users/victorbalan/Work/workspace/actions/elements/process/nodes/ui-block/component/properties/fops-image-properties.html  with write file: true use lebab:  false use lebab unsafe:  false
running convertor for  /Users/victorbalan/Work/workspace/actions/elements/process/nodes/ui-block/component/properties/fops-input-properties.html  with write file: true use lebab:  false use lebab unsafe:  false
running convertor for  /Users/victorbalan/Work/workspace/actions/elements/process/nodes/ui-block/component/properties/fops-label-properties.html  with write file: true use lebab:  false use lebab unsafe:  false
running convertor for  /Users/victorbalan/Work/workspace/actions/elements/process/nodes/ui-block/component/properties/fops-link-properties.html  with write file: true use lebab:  false use lebab unsafe:  false
running convertor for  /Users/victorbalan/Work/workspace/actions/elements/process/nodes/ui-block/component/properties/fops-number-input-properties.html  with write file: true use lebab:  false use lebab unsafe:  false
running convertor for  /Users/victorbalan/Work/workspace/actions/elements/process/nodes/ui-block/component/properties/fops-paragraph-properties.html  with write file: true use lebab:  false use lebab unsafe:  false
running convertor for  /Users/victorbalan/Work/workspace/actions/elements/process/nodes/ui-block/component/properties/fops-paragraph-value-editor.html  with write file: true use lebab:  false use lebab unsafe:  false
running convertor for  /Users/victorbalan/Work/workspace/actions/elements/process/nodes/ui-block/component/properties/fops-paragraph-value-property-row.html  with write file: true use lebab:  false use lebab unsafe:  false
running convertor for  /Users/victorbalan/Work/workspace/actions/elements/process/nodes/ui-block/component/properties/fops-password-input-properties.html  with write file: true use lebab:  false use lebab unsafe:  false
running convertor for  /Users/victorbalan/Work/workspace/actions/elements/process/nodes/ui-block/component/properties/fops-radio-buttons-properties.html  with write file: true use lebab:  false use lebab unsafe:  false
running convertor for  /Users/victorbalan/Work/workspace/actions/elements/process/nodes/ui-block/component/properties/fops-report-properties.html  with write file: true use lebab:  false use lebab unsafe:  false
running convertor for  /Users/victorbalan/Work/workspace/actions/elements/process/nodes/ui-block/component/properties/fops-report-select-property-row.html  with write file: true use lebab:  false use lebab unsafe:  false
running convertor for  /Users/victorbalan/Work/workspace/actions/elements/process/nodes/ui-block/component/properties/fops-table-properties.html  with write file: true use lebab:  false use lebab unsafe:  false
running convertor for  /Users/victorbalan/Work/workspace/actions/elements/process/nodes/ui-block/component/properties/fops-tabs-properties.html  with write file: true use lebab:  false use lebab unsafe:  false
running convertor for  /Users/victorbalan/Work/workspace/actions/elements/process/nodes/ui-block/component/properties/fops-textarea-properties.html  with write file: true use lebab:  false use lebab unsafe:  false
running convertor for  /Users/victorbalan/Work/workspace/actions/elements/process/nodes/ui-block/component/properties/general-properties-property-group.html  with write file: true use lebab:  false use lebab unsafe:  false
running convertor for  /Users/victorbalan/Work/workspace/actions/elements/process/nodes/ui-block/component/properties/icon-property-row.html  with write file: true use lebab:  false use lebab unsafe:  false
running convertor for  /Users/victorbalan/Work/workspace/actions/elements/process/nodes/ui-block/component/properties/image-source-property-group.html  with write file: true use lebab:  false use lebab unsafe:  false
running convertor for  /Users/victorbalan/Work/workspace/actions/elements/process/nodes/ui-block/component/properties/input-property-row.html  with write file: true use lebab:  false use lebab unsafe:  false
running convertor for  /Users/victorbalan/Work/workspace/actions/elements/process/nodes/ui-block/component/properties/input-size-property-group.html  with write file: true use lebab:  false use lebab unsafe:  false
running convertor for  /Users/victorbalan/Work/workspace/actions/elements/process/nodes/ui-block/component/properties/label-style-property-group.html  with write file: true use lebab:  false use lebab unsafe:  false
running convertor for  /Users/victorbalan/Work/workspace/actions/elements/process/nodes/ui-block/component/properties/min-max-property-row.html  with write file: true use lebab:  false use lebab unsafe:  false
running convertor for  /Users/victorbalan/Work/workspace/actions/elements/process/nodes/ui-block/component/properties/properties-group.html  with write file: true use lebab:  false use lebab unsafe:  false
running convertor for  /Users/victorbalan/Work/workspace/actions/elements/process/nodes/ui-block/component/properties/property-row.html  with write file: true use lebab:  false use lebab unsafe:  false
running convertor for  /Users/victorbalan/Work/workspace/actions/elements/process/nodes/ui-block/component/properties/row-interaction-property-group.html  with write file: true use lebab:  false use lebab unsafe:  false
running convertor for  /Users/victorbalan/Work/workspace/actions/elements/process/nodes/ui-block/component/properties/size-property-input.html  with write file: true use lebab:  false use lebab unsafe:  false
running convertor for  /Users/victorbalan/Work/workspace/actions/elements/process/nodes/ui-block/component/properties/size-property-row.html  with write file: true use lebab:  false use lebab unsafe:  false
running convertor for  /Users/victorbalan/Work/workspace/actions/elements/process/nodes/ui-block/component/properties/subcomponent-dropdown-properties.html  with write file: true use lebab:  false use lebab unsafe:  false
running convertor for  /Users/victorbalan/Work/workspace/actions/elements/process/nodes/ui-block/component/properties/subcomponent-text-input-properties.html  with write file: true use lebab:  false use lebab unsafe:  false
running convertor for  /Users/victorbalan/Work/workspace/actions/elements/process/nodes/ui-block/component/properties/table-column-config-property-row.html  with write file: true use lebab:  false use lebab unsafe:  false
running convertor for  /Users/victorbalan/Work/workspace/actions/elements/process/nodes/ui-block/component/properties/table-column-subcomponent-dropdown.html  with write file: true use lebab:  false use lebab unsafe:  false
running convertor for  /Users/victorbalan/Work/workspace/actions/elements/process/nodes/ui-block/component/properties/url-property-row.html  with write file: true use lebab:  false use lebab unsafe:  false
running convertor for  /Users/victorbalan/Work/workspace/actions/elements/process/nodes/ui-block/component/properties/user-type-mapping-property-row.html  with write file: true use lebab:  false use lebab unsafe:  false
running convertor for  /Users/victorbalan/Work/workspace/actions/elements/process/nodes/ui-block/component/properties/validation-property-group.html  with write file: true use lebab:  false use lebab unsafe:  false
running convertor for  /Users/victorbalan/Work/workspace/actions/elements/process/nodes/ui-block/component/properties/variable-or-input-property-row.html  with write file: true use lebab:  false use lebab unsafe:  false
running convertor for  /Users/victorbalan/Work/workspace/actions/elements/process/nodes/ui-block/component/properties/variable-property-row.html  with write file: true use lebab:  false use lebab unsafe:  false
running convertor for  /Users/victorbalan/Work/workspace/actions/elements/process/nodes/ui-block/component-dropdown.html  with write file: true use lebab:  false use lebab unsafe:  false
running convertor for  /Users/victorbalan/Work/workspace/actions/elements/process/nodes/ui-block/custom-script-event-modal.html  with write file: true use lebab:  false use lebab unsafe:  false
running convertor for  /Users/victorbalan/Work/workspace/actions/elements/process/nodes/ui-block/editable-events-table.html  with write file: true use lebab:  false use lebab unsafe:  false
running convertor for  /Users/victorbalan/Work/workspace/actions/elements/process/nodes/ui-block/enhanced-ui-preview.html  with write file: true use lebab:  false use lebab unsafe:  false
running convertor for  /Users/victorbalan/Work/workspace/actions/elements/process/nodes/ui-block/html-property-editor.html  with write file: true use lebab:  false use lebab unsafe:  false
running convertor for  /Users/victorbalan/Work/workspace/actions/elements/process/nodes/ui-block/icomponent-view.html  with write file: true use lebab:  false use lebab unsafe:  false
running convertor for  /Users/victorbalan/Work/workspace/actions/elements/process/nodes/ui-block/move-component-modal.html  with write file: true use lebab:  false use lebab unsafe:  false
running convertor for  /Users/victorbalan/Work/workspace/actions/elements/process/nodes/ui-block/pie-chart-column-config-editor.html  with write file: true use lebab:  false use lebab unsafe:  false
running convertor for  /Users/victorbalan/Work/workspace/actions/elements/process/nodes/ui-block/table-column-config-editor.html  with write file: true use lebab:  false use lebab unsafe:  false
running convertor for  /Users/victorbalan/Work/workspace/actions/elements/process/nodes/ui-block/template-selector.html  with write file: true use lebab:  false use lebab unsafe:  false
running convertor for  /Users/victorbalan/Work/workspace/actions/elements/process/nodes/ui-block/ui-block-properties-view.html  with write file: true use lebab:  false use lebab unsafe:  false
running convertor for  /Users/victorbalan/Work/workspace/actions/elements/process/nodes/ui-block/ui-component-view.html  with write file: true use lebab:  false use lebab unsafe:  false
running convertor for  /Users/victorbalan/Work/workspace/actions/elements/process/nodes/ui-block/ui-components-node-preview.html  with write file: true use lebab:  false use lebab unsafe:  false
running convertor for  /Users/victorbalan/Work/workspace/actions/elements/process/nodes/ui-block/ui-preview.html  with write file: true use lebab:  false use lebab unsafe:  false
running convertor for  /Users/victorbalan/Work/workspace/actions/elements/process/nodes/ui-block/ui-property-editor.html  with write file: true use lebab:  false use lebab unsafe:  false
running convertor for  /Users/victorbalan/Work/workspace/actions/elements/process/nodes/ui-block/ui-variable-property-editor.html  with write file: true use lebab:  false use lebab unsafe:  false
running convertor for  /Users/victorbalan/Work/workspace/actions/elements/process/nodes/ui-block/user-type-mapping-property-editor.html  with write file: true use lebab:  false use lebab unsafe:  false
running convertor for  /Users/victorbalan/Work/workspace/actions/elements/process/nodes/ui-block-node-modal.html  with write file: true use lebab:  false use lebab unsafe:  false
running convertor for  /Users/victorbalan/Work/workspace/actions/elements/process/nodes/ui-components/ui-components-dropdown.html  with write file: true use lebab:  false use lebab unsafe:  false
running convertor for  /Users/victorbalan/Work/workspace/actions/elements/process/nodes/ui-components/ui-components-table-row.html  with write file: true use lebab:  false use lebab unsafe:  false
running convertor for  /Users/victorbalan/Work/workspace/actions/elements/process/nodes/ui-components/ui-components-table.html  with write file: true use lebab:  false use lebab unsafe:  false
running convertor for  /Users/victorbalan/Work/workspace/actions/elements/process/nodes/ui-components-node-modal.html  with write file: true use lebab:  false use lebab unsafe:  false
running convertor for  /Users/victorbalan/Work/workspace/actions/elements/process/nodes/ui-node/collapse-icon.html  with write file: true use lebab:  false use lebab unsafe:  false
running convertor for  /Users/victorbalan/Work/workspace/actions/elements/process/nodes/ui-node/layout-dropdown.html  with write file: true use lebab:  false use lebab unsafe:  false
running convertor for  /Users/victorbalan/Work/workspace/actions/elements/process/nodes/ui-node/layout-editor.html  with write file: true use lebab:  false use lebab unsafe:  false
running convertor for  /Users/victorbalan/Work/workspace/actions/elements/process/nodes/ui-node/layout-properties.html  with write file: true use lebab:  false use lebab unsafe:  false
running convertor for  /Users/victorbalan/Work/workspace/actions/elements/process/nodes/ui-node/layout-section-dropdown.html  with write file: true use lebab:  false use lebab unsafe:  false
running convertor for  /Users/victorbalan/Work/workspace/actions/elements/process/nodes/ui-node/layout-section-selector.html  with write file: true use lebab:  false use lebab unsafe:  false
running convertor for  /Users/victorbalan/Work/workspace/actions/elements/process/nodes/ui-node/layout-selector-by-icon.html  with write file: true use lebab:  false use lebab unsafe:  false
running convertor for  /Users/victorbalan/Work/workspace/actions/elements/process/nodes/ui-node/layout-selector.html  with write file: true use lebab:  false use lebab unsafe:  false
running convertor for  /Users/victorbalan/Work/workspace/actions/elements/process/nodes/ui-node/page-body-explorer.html  with write file: true use lebab:  false use lebab unsafe:  false
running convertor for  /Users/victorbalan/Work/workspace/actions/elements/process/nodes/ui-node/preview-layout-section-selector.html  with write file: true use lebab:  false use lebab unsafe:  false
running convertor for  /Users/victorbalan/Work/workspace/actions/elements/process/nodes/ui-node/ui-components-row.html  with write file: true use lebab:  false use lebab unsafe:  false
running convertor for  /Users/victorbalan/Work/workspace/actions/elements/process/nodes/ui-node/ui-section-row.html  with write file: true use lebab:  false use lebab unsafe:  false
running convertor for  /Users/victorbalan/Work/workspace/actions/elements/process/nodes/ui-node/ui-sections-explorer.html  with write file: true use lebab:  false use lebab unsafe:  false
running convertor for  /Users/victorbalan/Work/workspace/actions/elements/process/nodes/ui-node-modal.html  with write file: true use lebab:  false use lebab unsafe:  false
running convertor for  /Users/victorbalan/Work/workspace/actions/elements/process/nodes/ui-sections-node-modal.html  with write file: true use lebab:  false use lebab unsafe:  false
running convertor for  /Users/victorbalan/Work/workspace/actions/elements/process/nodes/ui-sections-node-preview.html  with write file: true use lebab:  false use lebab unsafe:  false
running convertor for  /Users/victorbalan/Work/workspace/actions/elements/process/nodes/with-properties-node-content.html  with write file: true use lebab:  false use lebab unsafe:  false
running convertor for  /Users/victorbalan/Work/workspace/actions/elements/process/nodes/with-properties-node-modal.html  with write file: true use lebab:  false use lebab unsafe:  false
running convertor for  /Users/victorbalan/Work/workspace/actions/elements/process/open-linked-process-button.html  with write file: true use lebab:  false use lebab unsafe:  false
running convertor for  /Users/victorbalan/Work/workspace/actions/elements/process/process-change-node-order.html  with write file: true use lebab:  false use lebab unsafe:  false
running convertor for  /Users/victorbalan/Work/workspace/actions/elements/process/process-compile-request.html  with write file: true use lebab:  false use lebab unsafe:  false
running convertor for  /Users/victorbalan/Work/workspace/actions/elements/process/process-data-provider.html  with write file: true use lebab:  false use lebab unsafe:  false
running convertor for  /Users/victorbalan/Work/workspace/actions/elements/process/process-master-sync-request.html  with write file: true use lebab:  false use lebab unsafe:  false
running convertor for  /Users/victorbalan/Work/workspace/actions/elements/process/process-merge-request.html  with write file: true use lebab:  false use lebab unsafe:  false
running convertor for  /Users/victorbalan/Work/workspace/actions/elements/process/process-modal.html  with write file: true use lebab:  false use lebab unsafe:  false
running convertor for  /Users/victorbalan/Work/workspace/actions/elements/process/process-preview.html  with write file: true use lebab:  false use lebab unsafe:  false
running convertor for  /Users/victorbalan/Work/workspace/actions/elements/process/process-validation-response-modal.html  with write file: true use lebab:  false use lebab unsafe:  false
running convertor for  /Users/victorbalan/Work/workspace/actions/elements/process/process-view.html  with write file: true use lebab:  false use lebab unsafe:  false
running convertor for  /Users/victorbalan/Work/workspace/actions/elements/process/run-process-button.html  with write file: true use lebab:  false use lebab unsafe:  false
running convertor for  /Users/victorbalan/Work/workspace/actions/elements/process/view/base-node.html  with write file: true use lebab:  false use lebab unsafe:  false
running convertor for  /Users/victorbalan/Work/workspace/actions/elements/process/view/draggable-node-icon.html  with write file: true use lebab:  false use lebab unsafe:  false
running convertor for  /Users/victorbalan/Work/workspace/actions/elements/process/view/node-actions.html  with write file: true use lebab:  false use lebab unsafe:  false
running convertor for  /Users/victorbalan/Work/workspace/actions/elements/process/view/process-node-preview.html  with write file: true use lebab:  false use lebab unsafe:  false
running convertor for  /Users/victorbalan/Work/workspace/actions/elements/process/zoom-dropdown.html  with write file: true use lebab:  false use lebab unsafe:  false
running convertor for  /Users/victorbalan/Work/workspace/actions/elements/rules/node/rule-condition-node-modal.html  with write file: true use lebab:  false use lebab unsafe:  false
running convertor for  /Users/victorbalan/Work/workspace/actions/elements/rules/node/rule-draggable-node-icon.html  with write file: true use lebab:  false use lebab unsafe:  false
running convertor for  /Users/victorbalan/Work/workspace/actions/elements/rules/node/rule-process-node-modal.html  with write file: true use lebab:  false use lebab unsafe:  false
running convertor for  /Users/victorbalan/Work/workspace/actions/elements/rules/node/rule-script-node-modal.html  with write file: true use lebab:  false use lebab unsafe:  false
running convertor for  /Users/victorbalan/Work/workspace/actions/elements/rules/rule-condition-variable-input.html  with write file: true use lebab:  false use lebab unsafe:  false
running convertor for  /Users/victorbalan/Work/workspace/actions/elements/rules/rule-modal.html  with write file: true use lebab:  false use lebab unsafe:  false
running convertor for  /Users/victorbalan/Work/workspace/actions/elements/rules/rule-node.html  with write file: true use lebab:  false use lebab unsafe:  false
running convertor for  /Users/victorbalan/Work/workspace/actions/elements/rules/rule-variable-input.html  with write file: true use lebab:  false use lebab unsafe:  false
running convertor for  /Users/victorbalan/Work/workspace/actions/elements/rules/rule-variables-provider.html  with write file: true use lebab:  false use lebab unsafe:  false
running convertor for  /Users/victorbalan/Work/workspace/actions/elements/rules/rule-view.html  with write file: true use lebab:  false use lebab unsafe:  false
running convertor for  /Users/victorbalan/Work/workspace/actions/elements/rules/rules-tree-data-provider.html  with write file: true use lebab:  false use lebab unsafe:  false
running convertor for  /Users/victorbalan/Work/workspace/actions/elements/scheduler/create-scheduler-modal.html  with write file: true use lebab:  false use lebab unsafe:  false
running convertor for  /Users/victorbalan/Work/workspace/actions/elements/scheduler/scheduler-fullscreen-modal.html  with write file: true use lebab:  false use lebab unsafe:  false
running convertor for  /Users/victorbalan/Work/workspace/actions/elements/scheduler/scheduler-modal.html  with write file: true use lebab:  false use lebab unsafe:  false
running convertor for  /Users/victorbalan/Work/workspace/actions/elements/scheduler/scheduler-process-params.html  with write file: true use lebab:  false use lebab unsafe:  false
running convertor for  /Users/victorbalan/Work/workspace/actions/elements/scheduler/scheduler-task-row.html  with write file: true use lebab:  false use lebab unsafe:  false
running convertor for  /Users/victorbalan/Work/workspace/actions/elements/scheduler/scheduler-view.html  with write file: true use lebab:  false use lebab unsafe:  false
running convertor for  /Users/victorbalan/Work/workspace/actions/elements/scheduler/schedulers-data-provider.html  with write file: true use lebab:  false use lebab unsafe:  false
running convertor for  /Users/victorbalan/Work/workspace/actions/elements/tabs-view.html  with write file: true use lebab:  false use lebab unsafe:  false
running convertor for  /Users/victorbalan/Work/workspace/actions/elements/tree/context-menu.html  with write file: true use lebab:  false use lebab unsafe:  false
running convertor for  /Users/victorbalan/Work/workspace/actions/elements/tree/create-folder-modal.html  with write file: true use lebab:  false use lebab unsafe:  false
running convertor for  /Users/victorbalan/Work/workspace/actions/elements/tree/delete-entity-confirmation-modal.html  with write file: true use lebab:  false use lebab unsafe:  false
running convertor for  /Users/victorbalan/Work/workspace/actions/elements/tree/tree-element.html  with write file: true use lebab:  false use lebab unsafe:  false
running convertor for  /Users/victorbalan/Work/workspace/actions/elements/tree/tree-view-dropdown.html  with write file: true use lebab:  false use lebab unsafe:  false
running convertor for  /Users/victorbalan/Work/workspace/actions/elements/tree/tree-view-with-interactions.html  with write file: true use lebab:  false use lebab unsafe:  false
running convertor for  /Users/victorbalan/Work/workspace/actions/elements/tree/tree-view.html  with write file: true use lebab:  false use lebab unsafe:  false
running convertor for  /Users/victorbalan/Work/workspace/actions/elements/variable/confirm-delete-variable-modal.html  with write file: true use lebab:  false use lebab unsafe:  false
running convertor for  /Users/victorbalan/Work/workspace/actions/elements/variable/custom-variable-dropdown-render-wrapper.html  with write file: true use lebab:  false use lebab unsafe:  false
running convertor for  /Users/victorbalan/Work/workspace/actions/elements/variable/custom-variable-dropdown-with-input.html  with write file: true use lebab:  false use lebab unsafe:  false
running convertor for  /Users/victorbalan/Work/workspace/actions/elements/variable/custom-variable-dropdown.html  with write file: true use lebab:  false use lebab unsafe:  false
running convertor for  /Users/victorbalan/Work/workspace/actions/elements/variable/process-variables-match.html  with write file: true use lebab:  false use lebab unsafe:  false
running convertor for  /Users/victorbalan/Work/workspace/actions/elements/variable/process-variables-provider.html  with write file: true use lebab:  false use lebab unsafe:  false
running convertor for  /Users/victorbalan/Work/workspace/actions/elements/variable/variable-dropdown-item.html  with write file: true use lebab:  false use lebab unsafe:  false
running convertor for  /Users/victorbalan/Work/workspace/actions/elements/variable/variable-dropdown.html  with write file: true use lebab:  false use lebab unsafe:  false
running convertor for  /Users/victorbalan/Work/workspace/actions/elements/variable/variable-node.html  with write file: true use lebab:  false use lebab unsafe:  false
running convertor for  /Users/victorbalan/Work/workspace/actions/elements/variable/variable-table-row-value-element.html  with write file: true use lebab:  false use lebab unsafe:  false
running convertor for  /Users/victorbalan/Work/workspace/actions/elements/variable/variable-table-row.html  with write file: true use lebab:  false use lebab unsafe:  false
running convertor for  /Users/victorbalan/Work/workspace/actions/elements/variable/variable-usage-row.html  with write file: true use lebab:  false use lebab unsafe:  false
running convertor for  /Users/victorbalan/Work/workspace/actions/elements/variable/variable-usages-modal.html  with write file: true use lebab:  false use lebab unsafe:  false
running convertor for  /Users/victorbalan/Work/workspace/actions/elements/variable/variable-value-date-time-picker.html  with write file: true use lebab:  false use lebab unsafe:  false
running convertor for  /Users/victorbalan/Work/workspace/actions/elements/variable/variable-value-metadata-picker.html  with write file: true use lebab:  false use lebab unsafe:  false
running convertor for  /Users/victorbalan/Work/workspace/actions/elements/variable/variables-table.html  with write file: true use lebab:  false use lebab unsafe:  false
running convertor for  /Users/victorbalan/Work/workspace/actions/elements/variable/variables-view.html  with write file: true use lebab:  false use lebab unsafe:  false
